<?xml version="1.0" encoding="UTF-8"?>
<TestRun id="4e9d4f38-d904-4484-96b2-cd48520743f8" name="Rumen@RUMEN-THINK 2015-04-01 16:01:43" runUser="Rumen-THINK\Rumen" xmlns="http://microsoft.com/schemas/VisualStudio/TeamTest/2010">
  <TestSettings name="Default Test Settings" id="43a80cb5-9a3b-4d10-ae4d-d84536c00698">
    <Execution>
      <TestTypeSpecific />
      <AgentRule name="Execution Agents">
      </AgentRule>
    </Execution>
    <Deployment runDeploymentRoot="Rumen_RUMEN-THINK 2015-04-01 16_01_43" />
  </TestSettings>
  <Times creation="2015-04-01T16:01:43.1440663+03:00" queuing="2015-04-01T16:01:43.9161105+03:00" start="2015-04-01T16:01:44.1201222+03:00" finish="2015-04-01T16:01:46.6412664+03:00" />
  <ResultSummary outcome="Completed">
    <Counters total="11" executed="11" passed="11" error="0" failed="0" timeout="0" aborted="0" inconclusive="0" passedButRunAborted="0" notRunnable="0" notExecuted="0" disconnected="0" warning="0" completed="0" inProgress="0" pending="0" />
  </ResultSummary>
  <TestDefinitions>
    <UnitTest name="TestAreaType" storage="mvc_unittests.dll" id="0a826f98-a131-e025-bcc6-78b2919f9af4">
      <Execution id="fa220cfc-69b8-4036-be70-db1f5cc650cd" />
      <TestMethod codeBase="C:/highsoft/MVC_UnitTests/bin/Debug/MVC_UnitTests.dll" adapterTypeName="Microsoft.VisualStudio.TestTools.TestTypes.Unit.UnitTestAdapter, Microsoft.VisualStudio.QualityTools.Tips.UnitTest.Adapter, Version=11.0.0.0, Culture=neutral, PublicKeyToken=b03f5f7f11d50a3a" className="Highsoft.Web.Mvc.UnitTests.Chart, MVC_UnitTests, Version=1.0.0.0, Culture=neutral, PublicKeyToken=null" name="TestAreaType" />
    </UnitTest>
    <UnitTest name="TestPlotOptionsAreaColor" storage="mvc_unittests.dll" id="34a872fb-0223-1ea8-b575-537140d51509">
      <Execution id="dadb59f5-c264-47fc-a274-818d654f6917" />
      <TestMethod codeBase="C:/highsoft/MVC_UnitTests/bin/Debug/MVC_UnitTests.dll" adapterTypeName="Microsoft.VisualStudio.TestTools.TestTypes.Unit.UnitTestAdapter, Microsoft.VisualStudio.QualityTools.Tips.UnitTest.Adapter, Version=11.0.0.0, Culture=neutral, PublicKeyToken=b03f5f7f11d50a3a" className="Highsoft.Web.Mvc.UnitTests.Strings, MVC_UnitTests, Version=1.0.0.0, Culture=neutral, PublicKeyToken=null" name="TestPlotOptionsAreaColor" />
    </UnitTest>
    <UnitTest name="TestForNull" storage="mvc_unittests.dll" id="07f58fdd-85b2-832d-c74f-14b00dd4d508">
      <Execution id="3cfe8efb-869f-4a1b-9dd4-06bad5d37b3e" />
      <TestMethod codeBase="C:/highsoft/MVC_UnitTests/bin/Debug/MVC_UnitTests.dll" adapterTypeName="Microsoft.VisualStudio.TestTools.TestTypes.Unit.UnitTestAdapter, Microsoft.VisualStudio.QualityTools.Tips.UnitTest.Adapter, Version=11.0.0.0, Culture=neutral, PublicKeyToken=b03f5f7f11d50a3a" className="Highsoft.Web.Mvc.UnitTests.Strings, MVC_UnitTests, Version=1.0.0.0, Culture=neutral, PublicKeyToken=null" name="TestForNull" />
    </UnitTest>
    <UnitTest name="TestNorwegian" storage="mvc_unittests.dll" id="a34d2ada-57bd-12e7-da1d-b6d2742bc9ea">
      <Execution id="6fd0ec6a-a3ee-4083-ad9a-e6a9cca99b97" />
      <TestMethod codeBase="C:/highsoft/MVC_UnitTests/bin/Debug/MVC_UnitTests.dll" adapterTypeName="Microsoft.VisualStudio.TestTools.TestTypes.Unit.UnitTestAdapter, Microsoft.VisualStudio.QualityTools.Tips.UnitTest.Adapter, Version=11.0.0.0, Culture=neutral, PublicKeyToken=b03f5f7f11d50a3a" className="Highsoft.Web.Mvc.UnitTests.Strings, MVC_UnitTests, Version=1.0.0.0, Culture=neutral, PublicKeyToken=null" name="TestNorwegian" />
    </UnitTest>
    <UnitTest name="TestTitleText" storage="mvc_unittests.dll" id="32fb316c-8fc0-2782-d143-9895499b565b">
      <Execution id="8f37d8fe-784c-45e7-85f6-f4df6fc76e80" />
      <TestMethod codeBase="C:/highsoft/MVC_UnitTests/bin/Debug/MVC_UnitTests.dll" adapterTypeName="Microsoft.VisualStudio.TestTools.TestTypes.Unit.UnitTestAdapter, Microsoft.VisualStudio.QualityTools.Tips.UnitTest.Adapter, Version=11.0.0.0, Culture=neutral, PublicKeyToken=b03f5f7f11d50a3a" className="Highsoft.Web.Mvc.UnitTests.Strings, MVC_UnitTests, Version=1.0.0.0, Culture=neutral, PublicKeyToken=null" name="TestTitleText" />
    </UnitTest>
    <UnitTest name="TestPieType" storage="mvc_unittests.dll" id="e9c7189e-7208-697f-ee5c-c92c9bbe1c0a">
      <Execution id="8c160050-f3e8-4e91-b668-3c1e44afcfd9" />
      <TestMethod codeBase="C:/highsoft/MVC_UnitTests/bin/Debug/MVC_UnitTests.dll" adapterTypeName="Microsoft.VisualStudio.TestTools.TestTypes.Unit.UnitTestAdapter, Microsoft.VisualStudio.QualityTools.Tips.UnitTest.Adapter, Version=11.0.0.0, Culture=neutral, PublicKeyToken=b03f5f7f11d50a3a" className="Highsoft.Web.Mvc.UnitTests.Chart, MVC_UnitTests, Version=1.0.0.0, Culture=neutral, PublicKeyToken=null" name="TestPieType" />
    </UnitTest>
    <UnitTest name="TestDefaultType" storage="mvc_unittests.dll" id="e82fcaa3-cdf4-9155-f702-764ff5de6ace">
      <Execution id="db4c0297-0612-4d38-9ac0-3c893e4e8ecf" />
      <TestMethod codeBase="C:/highsoft/MVC_UnitTests/bin/Debug/MVC_UnitTests.dll" adapterTypeName="Microsoft.VisualStudio.TestTools.TestTypes.Unit.UnitTestAdapter, Microsoft.VisualStudio.QualityTools.Tips.UnitTest.Adapter, Version=11.0.0.0, Culture=neutral, PublicKeyToken=b03f5f7f11d50a3a" className="Highsoft.Web.Mvc.UnitTests.Chart, MVC_UnitTests, Version=1.0.0.0, Culture=neutral, PublicKeyToken=null" name="TestDefaultType" />
    </UnitTest>
    <UnitTest name="TestLegendLabelFormat" storage="mvc_unittests.dll" id="205a2c8a-b1ee-d1fe-9b81-a8b48e72f8d4">
      <Execution id="8c9bcd07-12cb-4b2c-9b46-3f30caa9c5fb" />
      <TestMethod codeBase="C:/highsoft/MVC_UnitTests/bin/Debug/MVC_UnitTests.dll" adapterTypeName="Microsoft.VisualStudio.TestTools.TestTypes.Unit.UnitTestAdapter, Microsoft.VisualStudio.QualityTools.Tips.UnitTest.Adapter, Version=11.0.0.0, Culture=neutral, PublicKeyToken=b03f5f7f11d50a3a" className="Highsoft.Web.Mvc.UnitTests.Strings, MVC_UnitTests, Version=1.0.0.0, Culture=neutral, PublicKeyToken=null" name="TestLegendLabelFormat" />
    </UnitTest>
    <UnitTest name="TestFrench" storage="mvc_unittests.dll" id="63661c96-a5f3-272b-67ab-f8af2bfa577c">
      <Execution id="604104c1-e571-418b-9ea8-0c9b764d7872" />
      <TestMethod codeBase="C:/highsoft/MVC_UnitTests/bin/Debug/MVC_UnitTests.dll" adapterTypeName="Microsoft.VisualStudio.TestTools.TestTypes.Unit.UnitTestAdapter, Microsoft.VisualStudio.QualityTools.Tips.UnitTest.Adapter, Version=11.0.0.0, Culture=neutral, PublicKeyToken=b03f5f7f11d50a3a" className="Highsoft.Web.Mvc.UnitTests.Strings, MVC_UnitTests, Version=1.0.0.0, Culture=neutral, PublicKeyToken=null" name="TestFrench" />
    </UnitTest>
    <UnitTest name="TestJapanese" storage="mvc_unittests.dll" id="fe13259a-ad08-9748-552f-b086b6d75b02">
      <Execution id="4a38f8fd-7ad5-43fc-9159-d3182fd32491" />
      <TestMethod codeBase="C:/highsoft/MVC_UnitTests/bin/Debug/MVC_UnitTests.dll" adapterTypeName="Microsoft.VisualStudio.TestTools.TestTypes.Unit.UnitTestAdapter, Microsoft.VisualStudio.QualityTools.Tips.UnitTest.Adapter, Version=11.0.0.0, Culture=neutral, PublicKeyToken=b03f5f7f11d50a3a" className="Highsoft.Web.Mvc.UnitTests.Strings, MVC_UnitTests, Version=1.0.0.0, Culture=neutral, PublicKeyToken=null" name="TestJapanese" />
    </UnitTest>
    <UnitTest name="TestEnumMappings" storage="mvc_unittests.dll" id="6fc9f2d4-5467-cadf-e9cb-04cfb039e57e">
      <Execution id="b6c76702-7078-431c-aec2-5e650f649795" />
      <TestMethod codeBase="C:/highsoft/MVC_UnitTests/bin/Debug/MVC_UnitTests.dll" adapterTypeName="Microsoft.VisualStudio.TestTools.TestTypes.Unit.UnitTestAdapter, Microsoft.VisualStudio.QualityTools.Tips.UnitTest.Adapter, Version=11.0.0.0, Culture=neutral, PublicKeyToken=b03f5f7f11d50a3a" className="Highsoft.Web.Mvc.UnitTests.Chart, MVC_UnitTests, Version=1.0.0.0, Culture=neutral, PublicKeyToken=null" name="TestEnumMappings" />
    </UnitTest>
  </TestDefinitions>
  <TestLists>
    <TestList name="Results Not in a List" id="8c84fa94-04c1-424b-9868-57a2d4851a1d" />
    <TestList name="All Loaded Results" id="19431567-8539-422a-85d7-44ee4e166bda" />
  </TestLists>
  <TestEntries>
    <TestEntry testId="0a826f98-a131-e025-bcc6-78b2919f9af4" executionId="fa220cfc-69b8-4036-be70-db1f5cc650cd" testListId="8c84fa94-04c1-424b-9868-57a2d4851a1d" />
    <TestEntry testId="e82fcaa3-cdf4-9155-f702-764ff5de6ace" executionId="db4c0297-0612-4d38-9ac0-3c893e4e8ecf" testListId="8c84fa94-04c1-424b-9868-57a2d4851a1d" />
    <TestEntry testId="6fc9f2d4-5467-cadf-e9cb-04cfb039e57e" executionId="b6c76702-7078-431c-aec2-5e650f649795" testListId="8c84fa94-04c1-424b-9868-57a2d4851a1d" />
    <TestEntry testId="e9c7189e-7208-697f-ee5c-c92c9bbe1c0a" executionId="8c160050-f3e8-4e91-b668-3c1e44afcfd9" testListId="8c84fa94-04c1-424b-9868-57a2d4851a1d" />
    <TestEntry testId="07f58fdd-85b2-832d-c74f-14b00dd4d508" executionId="3cfe8efb-869f-4a1b-9dd4-06bad5d37b3e" testListId="8c84fa94-04c1-424b-9868-57a2d4851a1d" />
    <TestEntry testId="63661c96-a5f3-272b-67ab-f8af2bfa577c" executionId="604104c1-e571-418b-9ea8-0c9b764d7872" testListId="8c84fa94-04c1-424b-9868-57a2d4851a1d" />
    <TestEntry testId="fe13259a-ad08-9748-552f-b086b6d75b02" executionId="4a38f8fd-7ad5-43fc-9159-d3182fd32491" testListId="8c84fa94-04c1-424b-9868-57a2d4851a1d" />
    <TestEntry testId="205a2c8a-b1ee-d1fe-9b81-a8b48e72f8d4" executionId="8c9bcd07-12cb-4b2c-9b46-3f30caa9c5fb" testListId="8c84fa94-04c1-424b-9868-57a2d4851a1d" />
    <TestEntry testId="a34d2ada-57bd-12e7-da1d-b6d2742bc9ea" executionId="6fd0ec6a-a3ee-4083-ad9a-e6a9cca99b97" testListId="8c84fa94-04c1-424b-9868-57a2d4851a1d" />
    <TestEntry testId="34a872fb-0223-1ea8-b575-537140d51509" executionId="dadb59f5-c264-47fc-a274-818d654f6917" testListId="8c84fa94-04c1-424b-9868-57a2d4851a1d" />
    <TestEntry testId="32fb316c-8fc0-2782-d143-9895499b565b" executionId="8f37d8fe-784c-45e7-85f6-f4df6fc76e80" testListId="8c84fa94-04c1-424b-9868-57a2d4851a1d" />
  </TestEntries>
  <Results>
    <UnitTestResult executionId="fa220cfc-69b8-4036-be70-db1f5cc650cd" testId="0a826f98-a131-e025-bcc6-78b2919f9af4" testName="TestAreaType" computerName="RUMEN-THINK" duration="00:00:01.6895557" startTime="2015-04-01T16:01:44.1901262+03:00" endTime="2015-04-01T16:01:46.4562558+03:00" testType="13cdc9d9-ddb5-4fa4-a97d-d965ccfc6d4b" outcome="Passed" testListId="8c84fa94-04c1-424b-9868-57a2d4851a1d" relativeResultsDirectory="fa220cfc-69b8-4036-be70-db1f5cc650cd">
    </UnitTestResult>
    <UnitTestResult executionId="db4c0297-0612-4d38-9ac0-3c893e4e8ecf" testId="e82fcaa3-cdf4-9155-f702-764ff5de6ace" testName="TestDefaultType" computerName="RUMEN-THINK" duration="00:00:00.0013901" startTime="2015-04-01T16:01:46.4652563+03:00" endTime="2015-04-01T16:01:46.4792571+03:00" testType="13cdc9d9-ddb5-4fa4-a97d-d965ccfc6d4b" outcome="Passed" testListId="8c84fa94-04c1-424b-9868-57a2d4851a1d" relativeResultsDirectory="db4c0297-0612-4d38-9ac0-3c893e4e8ecf">
    </UnitTestResult>
    <UnitTestResult executionId="b6c76702-7078-431c-aec2-5e650f649795" testId="6fc9f2d4-5467-cadf-e9cb-04cfb039e57e" testName="TestEnumMappings" computerName="RUMEN-THINK" duration="00:00:00.0039013" startTime="2015-04-01T16:01:46.4822573+03:00" endTime="2015-04-01T16:01:46.4922579+03:00" testType="13cdc9d9-ddb5-4fa4-a97d-d965ccfc6d4b" outcome="Passed" testListId="8c84fa94-04c1-424b-9868-57a2d4851a1d" relativeResultsDirectory="b6c76702-7078-431c-aec2-5e650f649795">
    </UnitTestResult>
    <UnitTestResult executionId="8c160050-f3e8-4e91-b668-3c1e44afcfd9" testId="e9c7189e-7208-697f-ee5c-c92c9bbe1c0a" testName="TestPieType" computerName="RUMEN-THINK" duration="00:00:00.0015037" startTime="2015-04-01T16:01:46.4952580+03:00" endTime="2015-04-01T16:01:46.5082588+03:00" testType="13cdc9d9-ddb5-4fa4-a97d-d965ccfc6d4b" outcome="Passed" testListId="8c84fa94-04c1-424b-9868-57a2d4851a1d" relativeResultsDirectory="8c160050-f3e8-4e91-b668-3c1e44afcfd9">
    </UnitTestResult>
    <UnitTestResult executionId="3cfe8efb-869f-4a1b-9dd4-06bad5d37b3e" testId="07f58fdd-85b2-832d-c74f-14b00dd4d508" testName="TestForNull" computerName="RUMEN-THINK" duration="00:00:00.0017988" startTime="2015-04-01T16:01:46.5182593+03:00" endTime="2015-04-01T16:01:46.5252597+03:00" testType="13cdc9d9-ddb5-4fa4-a97d-d965ccfc6d4b" outcome="Passed" testListId="8c84fa94-04c1-424b-9868-57a2d4851a1d" relativeResultsDirectory="3cfe8efb-869f-4a1b-9dd4-06bad5d37b3e">
    </UnitTestResult>
    <UnitTestResult executionId="604104c1-e571-418b-9ea8-0c9b764d7872" testId="63661c96-a5f3-272b-67ab-f8af2bfa577c" testName="TestFrench" computerName="RUMEN-THINK" duration="00:00:00.0015444" startTime="2015-04-01T16:01:46.5272599+03:00" endTime="2015-04-01T16:01:46.5352603+03:00" testType="13cdc9d9-ddb5-4fa4-a97d-d965ccfc6d4b" outcome="Passed" testListId="8c84fa94-04c1-424b-9868-57a2d4851a1d" relativeResultsDirectory="604104c1-e571-418b-9ea8-0c9b764d7872">
    </UnitTestResult>
    <UnitTestResult executionId="4a38f8fd-7ad5-43fc-9159-d3182fd32491" testId="fe13259a-ad08-9748-552f-b086b6d75b02" testName="TestJapanese" computerName="RUMEN-THINK" duration="00:00:00.0016806" startTime="2015-04-01T16:01:46.5372604+03:00" endTime="2015-04-01T16:01:46.5442608+03:00" testType="13cdc9d9-ddb5-4fa4-a97d-d965ccfc6d4b" outcome="Passed" testListId="8c84fa94-04c1-424b-9868-57a2d4851a1d" relativeResultsDirectory="4a38f8fd-7ad5-43fc-9159-d3182fd32491">
    </UnitTestResult>
    <UnitTestResult executionId="8c9bcd07-12cb-4b2c-9b46-3f30caa9c5fb" testId="205a2c8a-b1ee-d1fe-9b81-a8b48e72f8d4" testName="TestLegendLabelFormat" computerName="RUMEN-THINK" duration="00:00:00.0014506" startTime="2015-04-01T16:01:46.5462609+03:00" endTime="2015-04-01T16:01:46.5512612+03:00" testType="13cdc9d9-ddb5-4fa4-a97d-d965ccfc6d4b" outcome="Passed" testListId="8c84fa94-04c1-424b-9868-57a2d4851a1d" relativeResultsDirectory="8c9bcd07-12cb-4b2c-9b46-3f30caa9c5fb">
    </UnitTestResult>
    <UnitTestResult executionId="6fd0ec6a-a3ee-4083-ad9a-e6a9cca99b97" testId="a34d2ada-57bd-12e7-da1d-b6d2742bc9ea" testName="TestNorwegian" computerName="RUMEN-THINK" duration="00:00:00.0014286" startTime="2015-04-01T16:01:46.5532613+03:00" endTime="2015-04-01T16:01:46.5582616+03:00" testType="13cdc9d9-ddb5-4fa4-a97d-d965ccfc6d4b" outcome="Passed" testListId="8c84fa94-04c1-424b-9868-57a2d4851a1d" relativeResultsDirectory="6fd0ec6a-a3ee-4083-ad9a-e6a9cca99b97">
    </UnitTestResult>
    <UnitTestResult executionId="dadb59f5-c264-47fc-a274-818d654f6917" testId="34a872fb-0223-1ea8-b575-537140d51509" testName="TestPlotOptionsAreaColor" computerName="RUMEN-THINK" duration="00:00:00.0018873" startTime="2015-04-01T16:01:46.5602617+03:00" endTime="2015-04-01T16:01:46.5672621+03:00" testType="13cdc9d9-ddb5-4fa4-a97d-d965ccfc6d4b" outcome="Passed" testListId="8c84fa94-04c1-424b-9868-57a2d4851a1d" relativeResultsDirectory="dadb59f5-c264-47fc-a274-818d654f6917">
    </UnitTestResult>
    <UnitTestResult executionId="8f37d8fe-784c-45e7-85f6-f4df6fc76e80" testId="32fb316c-8fc0-2782-d143-9895499b565b" testName="TestTitleText" computerName="RUMEN-THINK" duration="00:00:00.0014584" startTime="2015-04-01T16:01:46.5722624+03:00" endTime="2015-04-01T16:01:46.5782628+03:00" testType="13cdc9d9-ddb5-4fa4-a97d-d965ccfc6d4b" outcome="Passed" testListId="8c84fa94-04c1-424b-9868-57a2d4851a1d" relativeResultsDirectory="8f37d8fe-784c-45e7-85f6-f4df6fc76e80">
    </UnitTestResult>
  </Results>
</TestRun>